<?xml version="1.0" encoding="UTF-8"?>
<testng-results skipped="3" failed="0" total="3" passed="0">
  <reporter-output>
  </reporter-output>
  <suite name="Default suite" duration-ms="1809669" started-at="2011-06-06T15:28:45Z" finished-at="2011-06-06T15:58:55Z">
    <groups>
    </groups>
    <test name="Default test" duration-ms="1809669" started-at="2011-06-06T15:28:45Z" finished-at="2011-06-06T15:58:55Z">
      <class name="script.Google">
        <test-method status="FAIL" signature="setUp()" name="setUp on instance null(script.Google)" is-config="true" duration-ms="0" started-at="2011-06-06T15:28:45Z" finished-at="2011-06-06T15:28:45Z">
          <exception class="java.lang.RuntimeException">
            <message>
              <![CDATA[Could not start Selenium session: Failed to start new browser session: Error while launching browser]]>
            </message>
            <full-stacktrace>
              <![CDATA[java.lang.RuntimeException: Could not start Selenium session: Failed to start new browser session: Error while launching browser
	at com.thoughtworks.selenium.DefaultSelenium.start(DefaultSelenium.java:89)
	at com.thoughtworks.selenium.SeleneseTestBase.setUp(SeleneseTestBase.java:123)
	at com.thoughtworks.selenium.SeleneseTestBase.setUp(SeleneseTestBase.java:104)
	at com.thoughtworks.selenium.SeleneseTestCase.setUp(SeleneseTestCase.java:78)
	at script.Google.setUp(Google.java:22)
	at sun.reflect.NativeMethodAccessorImpl.invoke0(Native Method)
	at sun.reflect.NativeMethodAccessorImpl.invoke(Unknown Source)
	at sun.reflect.DelegatingMethodAccessorImpl.invoke(Unknown Source)
	at java.lang.reflect.Method.invoke(Unknown Source)
	at org.testng.internal.MethodInvocationHelper.invokeMethod(MethodInvocationHelper.java:76)
	at org.testng.internal.Invoker.invokeConfigurationMethod(Invoker.java:525)
	at org.testng.internal.Invoker.invokeConfigurations(Invoker.java:202)
	at org.testng.internal.Invoker.invokeConfigurations(Invoker.java:130)
	at org.testng.internal.TestMethodWorker.invokeBeforeClassMethods(TestMethodWorker.java:173)
	at org.testng.internal.TestMethodWorker.run(TestMethodWorker.java:105)
	at org.testng.TestRunner.runWorkers(TestRunner.java:1147)
	at org.testng.TestRunner.privateRun(TestRunner.java:749)
	at org.testng.TestRunner.run(TestRunner.java:600)
	at org.testng.SuiteRunner.runTest(SuiteRunner.java:317)
	at org.testng.SuiteRunner.runSequentially(SuiteRunner.java:312)
	at org.testng.SuiteRunner.privateRun(SuiteRunner.java:274)
	at org.testng.SuiteRunner.run(SuiteRunner.java:223)
	at org.testng.SuiteRunnerWorker.runSuite(SuiteRunnerWorker.java:52)
	at org.testng.SuiteRunnerWorker.run(SuiteRunnerWorker.java:86)
	at org.testng.TestNG.runSuitesSequentially(TestNG.java:1039)
	at org.testng.TestNG.runSuitesLocally(TestNG.java:964)
	at org.testng.TestNG.run(TestNG.java:900)
	at org.testng.remote.RemoteTestNG.run(RemoteTestNG.java:110)
	at org.testng.remote.RemoteTestNG.initAndRun(RemoteTestNG.java:205)
	at org.testng.remote.RemoteTestNG.main(RemoteTestNG.java:174)
Caused by: com.thoughtworks.selenium.SeleniumException: Failed to start new browser session: Error while launching browser
	at com.thoughtworks.selenium.HttpCommandProcessor.throwAssertionFailureExceptionOrError(HttpCommandProcessor.java:97)
	at com.thoughtworks.selenium.HttpCommandProcessor.doCommand(HttpCommandProcessor.java:91)
	at com.thoughtworks.selenium.HttpCommandProcessor.getString(HttpCommandProcessor.java:262)
	at com.thoughtworks.selenium.HttpCommandProcessor.start(HttpCommandProcessor.java:223)
	at com.thoughtworks.selenium.DefaultSelenium.start(DefaultSelenium.java:81)
	... 29 more
]]>
            </full-stacktrace>
          </exception>
        </test-method>
        <test-method status="SKIP" signature="testDataProviderExample(java.lang.String, java.lang.String, java.lang.String, java.lang.String)" name="testDataProviderExample on instance null(script.Google)" duration-ms="0" started-at="2011-06-06T15:58:55Z" finished-at="2011-06-06T15:58:55Z">
          <params>
            <param index="0">
              <value>
                <![CDATA[The Silence of the Lambs]]>
              </value>
            </param>
            <param index="1">
              <value>
                <![CDATA[Jonathan Denem]]>
              </value>
            </param>
            <param index="2">
              <value>
                <![CDATA[Dr. Hannibal Lecter. Brilliant. Cunning. Psychotic. In his mind lies the clue to a ruthless killer. - Clarice Starling, FBI. Brilliant. Vulnerable. Alone. She must trust him to stop the killer.]]>
              </value>
            </param>
            <param index="3">
              <value>
                <![CDATA[Anthony Hopkins]]>
              </value>
            </param>
          </params>
        </test-method>
        <test-method status="SKIP" signature="testDataProviderExample(java.lang.String, java.lang.String, java.lang.String, java.lang.String)" name="testDataProviderExample on instance null(script.Google)" duration-ms="0" started-at="2011-06-06T15:58:55Z" finished-at="2011-06-06T15:58:55Z">
          <params>
            <param index="0">
              <value>
                <![CDATA[The Cows]]>
              </value>
            </param>
            <param index="1">
              <value>
                <![CDATA[Leonel Ndi]]>
              </value>
            </param>
            <param index="2">
              <value>
                <![CDATA[The last test]]>
              </value>
            </param>
            <param index="3">
              <value>
                <![CDATA[Annita Bih]]>
              </value>
            </param>
          </params>
        </test-method>
        <test-method status="SKIP" signature="testDataProviderExample(java.lang.String, java.lang.String, java.lang.String, java.lang.String)" name="testDataProviderExample on instance null(script.Google)" duration-ms="0" started-at="2011-06-06T15:58:55Z" finished-at="2011-06-06T15:58:55Z">
          <params>
            <param index="0">
              <value>
                <![CDATA[The Birds]]>
              </value>
            </param>
            <param index="1">
              <value>
                <![CDATA[Alfred Hitchcock]]>
              </value>
            </param>
            <param index="2">
              <value>
                <![CDATA[A wealthy San Francisco playgirl pursues a potential boyfriend to a small Northern California town that slowly takes a turn for the bizarre when birds of all kinds suddenly begin to attack people there in increasing numbers and with increasing viciousness]]>
              </value>
            </param>
            <param index="3">
              <value>
                <![CDATA[Patrick Swayze]]>
              </value>
            </param>
          </params>
        </test-method>
      </class>
    </test>
  </suite>
</testng-results>
